{
  "uid" : "93599aa9fc63153",
  "name" : "test_create_account_with_mandatory_fields",
  "fullName" : "tests.test_register.TestRegister#test_create_account_with_mandatory_fields",
  "historyId" : "68a0218840ff11b4f6ef1e0e30a89f06",
  "time" : {
    "start" : 1700029362887,
    "stop" : 1700029366332,
    "duration" : 3445
  },
  "status" : "passed",
  "flaky" : true,
  "beforeStages" : [ {
    "name" : "log_on_failure",
    "time" : {
      "start" : 1700029362886,
      "stop" : 1700029362886,
      "duration" : 0
    },
    "status" : "passed",
    "steps" : [ ],
    "attachments" : [ ],
    "parameters" : [ ],
    "stepsCount" : 0,
    "attachmentsCount" : 0,
    "shouldDisplayMessage" : false,
    "hasContent" : false
  }, {
    "name" : "setup_and_teardown",
    "time" : {
      "start" : 1700029357806,
      "stop" : 1700029362886,
      "duration" : 5080
    },
    "status" : "passed",
    "steps" : [ ],
    "attachments" : [ ],
    "parameters" : [ ],
    "stepsCount" : 0,
    "attachmentsCount" : 0,
    "shouldDisplayMessage" : false,
    "hasContent" : false
  } ],
  "afterStages" : [ {
    "name" : "log_on_failure::0",
    "time" : {
      "start" : 1700029366332,
      "stop" : 1700029366333,
      "duration" : 1
    },
    "status" : "passed",
    "steps" : [ ],
    "attachments" : [ ],
    "parameters" : [ ],
    "stepsCount" : 0,
    "attachmentsCount" : 0,
    "shouldDisplayMessage" : false,
    "hasContent" : false
  }, {
    "name" : "setup_and_teardown::0",
    "time" : {
      "start" : 1700029366333,
      "stop" : 1700029367235,
      "duration" : 902
    },
    "status" : "passed",
    "steps" : [ ],
    "attachments" : [ ],
    "parameters" : [ ],
    "stepsCount" : 0,
    "attachmentsCount" : 0,
    "shouldDisplayMessage" : false,
    "hasContent" : false
  } ],
  "labels" : [ {
    "name" : "tag",
    "value" : "@pytest.mark.usefixtures('setup_and_teardown', 'log_on_failure')"
  }, {
    "name" : "parentSuite",
    "value" : "tests"
  }, {
    "name" : "suite",
    "value" : "test_register"
  }, {
    "name" : "subSuite",
    "value" : "TestRegister"
  }, {
    "name" : "host",
    "value" : "awaisahmad-latitude-5490"
  }, {
    "name" : "thread",
    "value" : "147189-MainThread"
  }, {
    "name" : "framework",
    "value" : "pytest"
  }, {
    "name" : "language",
    "value" : "cpython3"
  }, {
    "name" : "package",
    "value" : "tests.test_register"
  }, {
    "name" : "resultFormat",
    "value" : "allure2"
  } ],
  "parameters" : [ ],
  "links" : [ ],
  "hidden" : false,
  "retry" : false,
  "extra" : {
    "severity" : "normal",
    "retries" : [ {
      "uid" : "abb2578a5f06ab74",
      "status" : "passed",
      "time" : {
        "start" : 1700029131270,
        "stop" : 1700029134534,
        "duration" : 3264
      }
    }, {
      "uid" : "9e11e039a137d98a",
      "status" : "broken",
      "statusDetails" : "selenium.common.exceptions.NoSuchElementException: Message: Unable to locate element: [id=\"input-firstname\"]; For documentation on this error, please visit: https://www.selenium.dev/documentation/webdriver/troubleshooting/errors#no-such-element-exception\nStacktrace:\nRemoteError@chrome://remote/content/shared/RemoteError.sys.mjs:8:8\nWebDriverError@chrome://remote/content/shared/webdriver/Errors.sys.mjs:189:5\nNoSuchElementError@chrome://remote/content/shared/webdriver/Errors.sys.mjs:507:5\ndom.find/</<@chrome://remote/content/shared/DOM.sys.mjs:132:16",
      "time" : {
        "start" : 1700028867490,
        "stop" : 1700028873069,
        "duration" : 5579
      }
    }, {
      "uid" : "8260790568e75ed6",
      "status" : "passed",
      "time" : {
        "start" : 1699967856674,
        "stop" : 1699967860219,
        "duration" : 3545
      }
    }, {
      "uid" : "cf23ab08469aea6f",
      "status" : "passed",
      "time" : {
        "start" : 1699967364760,
        "stop" : 1699967368438,
        "duration" : 3678
      }
    }, {
      "uid" : "f99af097d4e23a76",
      "status" : "passed",
      "time" : {
        "start" : 1699966982346,
        "stop" : 1699966985748,
        "duration" : 3402
      }
    } ],
    "categories" : [ ],
    "history" : {
      "statistic" : {
        "failed" : 0,
        "broken" : 1,
        "skipped" : 0,
        "passed" : 3,
        "unknown" : 0,
        "total" : 4
      },
      "items" : [ {
        "uid" : "e47a8264b5763eea",
        "reportUrl" : "http://localhost:8080/job/FirstTestJob/24/allure/#testresult/e47a8264b5763eea",
        "status" : "broken",
        "statusDetails" : "selenium.common.exceptions.NoSuchElementException: Message: Unable to locate element: [id=\"input-firstname\"]; For documentation on this error, please visit: https://www.selenium.dev/documentation/webdriver/troubleshooting/errors#no-such-element-exception\nStacktrace:\nRemoteError@chrome://remote/content/shared/RemoteError.sys.mjs:8:8\nWebDriverError@chrome://remote/content/shared/webdriver/Errors.sys.mjs:189:5\nNoSuchElementError@chrome://remote/content/shared/webdriver/Errors.sys.mjs:507:5\ndom.find/</<@chrome://remote/content/shared/DOM.sys.mjs:132:16",
        "time" : {
          "start" : 1700028867490,
          "stop" : 1700028873069,
          "duration" : 5579
        }
      }, {
        "uid" : "57283e064bca5446",
        "reportUrl" : "http://localhost:8080/job/FirstTestJob/23/allure/#testresult/57283e064bca5446",
        "status" : "passed",
        "time" : {
          "start" : 1699967856674,
          "stop" : 1699967860219,
          "duration" : 3545
        }
      }, {
        "uid" : "8fa7d656767be5a0",
        "reportUrl" : "http://localhost:8080/job/FirstTestJob/22/allure/#testresult/8fa7d656767be5a0",
        "status" : "passed",
        "time" : {
          "start" : 1699967364760,
          "stop" : 1699967368438,
          "duration" : 3678
        }
      } ]
    },
    "tags" : [ "@pytest.mark.usefixtures('setup_and_teardown', 'log_on_failure')" ]
  },
  "source" : "93599aa9fc63153.json",
  "parameterValues" : [ ]
}